{"/home/cauaemanueldeoliveirarego/Faculdade/MEMORA/server/src/controllers/DeckController.ts": {"path":"/home/cauaemanueldeoliveirarego/Faculdade/MEMORA/server/src/controllers/DeckController.ts","statementMap":{"0":{"start":{"line":13,"column":20},"end":{"line":13,"column":null}},"1":{"start":{"line":16,"column":23},"end":{"line":21,"column":2}},"2":{"start":{"line":24,"column":14},"end":{"line":24,"column":60}},"3":{"start":{"line":25,"column":2},"end":{"line":25,"column":null}},"4":{"start":{"line":38,"column":2},"end":{"line":47,"column":null}},"5":{"start":{"line":70,"column":21},"end":{"line":70,"column":null}},"6":{"start":{"line":71,"column":2},"end":{"line":81,"column":null}},"7":{"start":{"line":87,"column":9},"end":{"line":118,"column":null}},"8":{"start":{"line":121,"column":8},"end":{"line":152,"column":null}},"9":{"start":{"line":155,"column":11},"end":{"line":166,"column":null}},"10":{"start":{"line":169,"column":13},"end":{"line":223,"column":null}},"11":{"start":{"line":85,"column":31},"end":{"line":85,"column":67}},"12":{"start":{"line":88,"column":23},"end":{"line":88,"column":null}},"13":{"start":{"line":89,"column":18},"end":{"line":95,"column":6}},"14":{"start":{"line":97,"column":16},"end":{"line":97,"column":38}},"15":{"start":{"line":97,"column":33},"end":{"line":97,"column":38}},"16":{"start":{"line":98,"column":21},"end":{"line":104,"column":10}},"17":{"start":{"line":105,"column":23},"end":{"line":105,"column":66}},"18":{"start":{"line":105,"column":51},"end":{"line":105,"column":64}},"19":{"start":{"line":107,"column":4},"end":{"line":118,"column":null}},"20":{"start":{"line":109,"column":20},"end":{"line":109,"column":40}},"21":{"start":{"line":110,"column":24},"end":{"line":110,"column":null}},"22":{"start":{"line":111,"column":24},"end":{"line":111,"column":null}},"23":{"start":{"line":112,"column":8},"end":{"line":116,"column":null}},"24":{"start":{"line":122,"column":23},"end":{"line":122,"column":null}},"25":{"start":{"line":123,"column":15},"end":{"line":123,"column":42}},"26":{"start":{"line":124,"column":4},"end":{"line":124,"column":null}},"27":{"start":{"line":124,"column":13},"end":{"line":124,"column":null}},"28":{"start":{"line":126,"column":17},"end":{"line":132,"column":6}},"29":{"start":{"line":134,"column":4},"end":{"line":135,"column":null}},"30":{"start":{"line":135,"column":6},"end":{"line":135,"column":null}},"31":{"start":{"line":138,"column":16},"end":{"line":141,"column":6}},"32":{"start":{"line":142,"column":20},"end":{"line":142,"column":null}},"33":{"start":{"line":143,"column":20},"end":{"line":143,"column":null}},"34":{"start":{"line":145,"column":4},"end":{"line":152,"column":null}},"35":{"start":{"line":156,"column":23},"end":{"line":156,"column":null}},"36":{"start":{"line":157,"column":15},"end":{"line":157,"column":42}},"37":{"start":{"line":158,"column":4},"end":{"line":158,"column":null}},"38":{"start":{"line":158,"column":13},"end":{"line":158,"column":null}},"39":{"start":{"line":160,"column":17},"end":{"line":160,"column":93}},"40":{"start":{"line":161,"column":4},"end":{"line":162,"column":null}},"41":{"start":{"line":162,"column":6},"end":{"line":162,"column":null}},"42":{"start":{"line":165,"column":4},"end":{"line":165,"column":null}},"43":{"start":{"line":166,"column":4},"end":{"line":166,"column":null}},"44":{"start":{"line":170,"column":23},"end":{"line":170,"column":null}},"45":{"start":{"line":171,"column":19},"end":{"line":171,"column":53}},"46":{"start":{"line":172,"column":4},"end":{"line":173,"column":null}},"47":{"start":{"line":173,"column":6},"end":{"line":173,"column":null}},"48":{"start":{"line":176,"column":52},"end":{"line":176,"column":null}},"49":{"start":{"line":178,"column":4},"end":{"line":223,"column":null}},"50":{"start":{"line":179,"column":25},"end":{"line":180,"column":null}},"51":{"start":{"line":183,"column":19},"end":{"line":202,"column":8}},"52":{"start":{"line":191,"column":48},"end":{"line":195,"column":15}},"53":{"start":{"line":204,"column":6},"end":{"line":210,"column":null}},"54":{"start":{"line":212,"column":6},"end":{"line":212,"column":null}},"55":{"start":{"line":214,"column":6},"end":{"line":215,"column":null}},"56":{"start":{"line":215,"column":8},"end":{"line":215,"column":null}},"57":{"start":{"line":217,"column":6},"end":{"line":218,"column":null}},"58":{"start":{"line":218,"column":8},"end":{"line":218,"column":null}},"59":{"start":{"line":220,"column":6},"end":{"line":221,"column":null}},"60":{"start":{"line":221,"column":8},"end":{"line":221,"column":null}},"61":{"start":{"line":223,"column":6},"end":{"line":223,"column":null}}},"fnMap":{"0":{"name":"pickColor","decl":{"start":{"line":23,"column":9},"end":{"line":23,"column":32}},"loc":{"start":{"line":23,"column":32},"end":{"line":25,"column":null}},"line":23},"1":{"name":"serializeFlashcard","decl":{"start":{"line":28,"column":9},"end":{"line":28,"column":28}},"loc":{"start":{"line":37,"column":3},"end":{"line":47,"column":null}},"line":37},"2":{"name":"serializeDeck","decl":{"start":{"line":50,"column":9},"end":{"line":50,"column":23}},"loc":{"start":{"line":69,"column":3},"end":{"line":81,"column":null}},"line":69},"3":{"name":"(anonymous_3)","decl":{"start":{"line":85,"column":2},"end":{"line":85,"column":14}},"loc":{"start":{"line":85,"column":67},"end":{"line":85,"column":67}},"line":85},"4":{"name":"(anonymous_4)","decl":{"start":{"line":87,"column":9},"end":{"line":87,"column":16}},"loc":{"start":{"line":87,"column":67},"end":{"line":118,"column":null}},"line":87},"5":{"name":"(anonymous_5)","decl":{"start":{"line":97,"column":22},"end":{"line":97,"column":27}},"loc":{"start":{"line":97,"column":33},"end":{"line":97,"column":38}},"line":97},"6":{"name":"(anonymous_6)","decl":{"start":{"line":105,"column":40},"end":{"line":105,"column":45}},"loc":{"start":{"line":105,"column":51},"end":{"line":105,"column":64}},"line":105},"7":{"name":"(anonymous_7)","decl":{"start":{"line":108,"column":19},"end":{"line":108,"column":24}},"loc":{"start":{"line":108,"column":30},"end":{"line":117,"column":null}},"line":108},"8":{"name":"(anonymous_8)","decl":{"start":{"line":121,"column":8},"end":{"line":121,"column":15}},"loc":{"start":{"line":121,"column":66},"end":{"line":152,"column":null}},"line":121},"9":{"name":"(anonymous_9)","decl":{"start":{"line":155,"column":11},"end":{"line":155,"column":18}},"loc":{"start":{"line":155,"column":69},"end":{"line":166,"column":null}},"line":155},"10":{"name":"(anonymous_10)","decl":{"start":{"line":169,"column":13},"end":{"line":169,"column":20}},"loc":{"start":{"line":169,"column":71},"end":{"line":223,"column":null}},"line":169},"11":{"name":"(anonymous_11)","decl":{"start":{"line":191,"column":31},"end":{"line":191,"column":36}},"loc":{"start":{"line":191,"column":48},"end":{"line":195,"column":15}},"line":191}},"branchMap":{"0":{"loc":{"start":{"line":25,"column":9},"end":{"line":25,"column":null}},"type":"binary-expr","locations":[{"start":{"line":25,"column":9},"end":{"line":25,"column":29}},{"start":{"line":25,"column":29},"end":{"line":25,"column":null}}],"line":25},"1":{"loc":{"start":{"line":70,"column":21},"end":{"line":70,"column":null}},"type":"binary-expr","locations":[{"start":{"line":70,"column":21},"end":{"line":70,"column":48}},{"start":{"line":70,"column":48},"end":{"line":70,"column":75}},{"start":{"line":70,"column":75},"end":{"line":70,"column":null}}],"line":70},"2":{"loc":{"start":{"line":98,"column":21},"end":{"line":104,"column":10}},"type":"cond-expr","locations":[{"start":{"line":99,"column":8},"end":{"line":103,"column":10}},{"start":{"line":104,"column":8},"end":{"line":104,"column":10}}],"line":98},"3":{"loc":{"start":{"line":110,"column":24},"end":{"line":110,"column":null}},"type":"binary-expr","locations":[{"start":{"line":110,"column":24},"end":{"line":110,"column":50}},{"start":{"line":110,"column":50},"end":{"line":110,"column":null}}],"line":110},"4":{"loc":{"start":{"line":111,"column":24},"end":{"line":111,"column":null}},"type":"binary-expr","locations":[{"start":{"line":111,"column":24},"end":{"line":111,"column":50}},{"start":{"line":111,"column":50},"end":{"line":111,"column":null}}],"line":111},"5":{"loc":{"start":{"line":115,"column":20},"end":{"line":115,"column":null}},"type":"cond-expr","locations":[{"start":{"line":115,"column":34},"end":{"line":115,"column":54}},{"start":{"line":115,"column":54},"end":{"line":115,"column":null}}],"line":115},"6":{"loc":{"start":{"line":123,"column":22},"end":{"line":123,"column":42}},"type":"binary-expr","locations":[{"start":{"line":123,"column":22},"end":{"line":123,"column":39}},{"start":{"line":123,"column":39},"end":{"line":123,"column":42}}],"line":123},"7":{"loc":{"start":{"line":124,"column":4},"end":{"line":124,"column":null}},"type":"if","locations":[{"start":{"line":124,"column":4},"end":{"line":124,"column":null}},{"start":{},"end":{}}],"line":124},"8":{"loc":{"start":{"line":134,"column":4},"end":{"line":135,"column":null}},"type":"if","locations":[{"start":{"line":134,"column":4},"end":{"line":135,"column":null}},{"start":{},"end":{}}],"line":134},"9":{"loc":{"start":{"line":142,"column":20},"end":{"line":142,"column":null}},"type":"binary-expr","locations":[{"start":{"line":142,"column":20},"end":{"line":142,"column":45}},{"start":{"line":142,"column":45},"end":{"line":142,"column":null}}],"line":142},"10":{"loc":{"start":{"line":143,"column":20},"end":{"line":143,"column":null}},"type":"binary-expr","locations":[{"start":{"line":143,"column":20},"end":{"line":143,"column":45}},{"start":{"line":143,"column":45},"end":{"line":143,"column":null}}],"line":143},"11":{"loc":{"start":{"line":149,"column":18},"end":{"line":149,"column":null}},"type":"cond-expr","locations":[{"start":{"line":149,"column":32},"end":{"line":149,"column":52}},{"start":{"line":149,"column":52},"end":{"line":149,"column":null}}],"line":149},"12":{"loc":{"start":{"line":150,"column":26},"end":{"line":150,"column":null}},"type":"binary-expr","locations":[{"start":{"line":150,"column":26},"end":{"line":150,"column":50}},{"start":{"line":150,"column":50},"end":{"line":150,"column":null}}],"line":150},"13":{"loc":{"start":{"line":157,"column":22},"end":{"line":157,"column":42}},"type":"binary-expr","locations":[{"start":{"line":157,"column":22},"end":{"line":157,"column":39}},{"start":{"line":157,"column":39},"end":{"line":157,"column":42}}],"line":157},"14":{"loc":{"start":{"line":158,"column":4},"end":{"line":158,"column":null}},"type":"if","locations":[{"start":{"line":158,"column":4},"end":{"line":158,"column":null}},{"start":{},"end":{}}],"line":158},"15":{"loc":{"start":{"line":161,"column":4},"end":{"line":162,"column":null}},"type":"if","locations":[{"start":{"line":161,"column":4},"end":{"line":162,"column":null}},{"start":{},"end":{}}],"line":161},"16":{"loc":{"start":{"line":172,"column":4},"end":{"line":173,"column":null}},"type":"if","locations":[{"start":{"line":172,"column":4},"end":{"line":173,"column":null}},{"start":{},"end":{}}],"line":172},"17":{"loc":{"start":{"line":173,"column":43},"end":{"line":173,"column":98}},"type":"binary-expr","locations":[{"start":{"line":173,"column":43},"end":{"line":173,"column":78}},{"start":{"line":173,"column":78},"end":{"line":173,"column":98}}],"line":173},"18":{"loc":{"start":{"line":180,"column":8},"end":{"line":180,"column":null}},"type":"cond-expr","locations":[{"start":{"line":180,"column":17},"end":{"line":180,"column":47}},{"start":{"line":180,"column":47},"end":{"line":180,"column":null}}],"line":180},"19":{"loc":{"start":{"line":189,"column":22},"end":{"line":189,"column":null}},"type":"binary-expr","locations":[{"start":{"line":189,"column":22},"end":{"line":189,"column":36}},{"start":{"line":189,"column":36},"end":{"line":189,"column":null}}],"line":189},"20":{"loc":{"start":{"line":214,"column":6},"end":{"line":215,"column":null}},"type":"if","locations":[{"start":{"line":214,"column":6},"end":{"line":215,"column":null}},{"start":{},"end":{}}],"line":214},"21":{"loc":{"start":{"line":217,"column":6},"end":{"line":218,"column":null}},"type":"if","locations":[{"start":{"line":217,"column":6},"end":{"line":218,"column":null}},{"start":{},"end":{}}],"line":217},"22":{"loc":{"start":{"line":220,"column":6},"end":{"line":221,"column":null}},"type":"if","locations":[{"start":{"line":220,"column":6},"end":{"line":221,"column":null}},{"start":{},"end":{}}],"line":220}},"s":{"0":2,"1":2,"2":4,"3":4,"4":2,"5":4,"6":4,"7":0,"8":0,"9":0,"10":24,"11":24,"12":0,"13":0,"14":0,"15":0,"16":0,"17":0,"18":0,"19":0,"20":0,"21":0,"22":0,"23":0,"24":0,"25":0,"26":0,"27":0,"28":0,"29":0,"30":0,"31":0,"32":0,"33":0,"34":0,"35":0,"36":0,"37":0,"38":0,"39":0,"40":0,"41":0,"42":0,"43":0,"44":24,"45":24,"46":24,"47":15,"48":9,"49":9,"50":9,"51":4,"52":2,"53":4,"54":5,"55":5,"56":1,"57":4,"58":2,"59":2,"60":1,"61":1},"f":{"0":4,"1":2,"2":4,"3":24,"4":0,"5":0,"6":0,"7":0,"8":0,"9":0,"10":24,"11":2},"b":{"0":[4,0],"1":[4,0,0],"2":[0,0],"3":[0,0],"4":[0,0],"5":[0,0],"6":[0,0],"7":[0,0],"8":[0,0],"9":[0,0],"10":[0,0],"11":[0,0],"12":[0,0],"13":[0,0],"14":[0,0],"15":[0,0],"16":[15,9],"17":[15,0],"18":[1,8],"19":[4,4],"20":[1,4],"21":[2,2],"22":[1,1]},"meta":{"lastBranch":23,"lastFunction":12,"lastStatement":62,"seen":{"s:13:20:13:Infinity":0,"s:16:23:21:2":1,"f:23:9:23:32":0,"s:24:14:24:60":2,"s:25:2:25:Infinity":3,"b:25:9:25:29:25:29:25:Infinity":0,"f:28:9:28:28":1,"s:38:2:47:Infinity":4,"f:50:9:50:23":2,"s:70:21:70:Infinity":5,"b:70:21:70:48:70:48:70:75:70:75:70:Infinity":1,"s:71:2:81:Infinity":6,"s:87:9:118:Infinity":7,"s:121:8:152:Infinity":8,"s:155:11:166:Infinity":9,"s:169:13:223:Infinity":10,"f:85:2:85:14":3,"s:85:31:85:67":11,"f:87:9:87:16":4,"s:88:23:88:Infinity":12,"s:89:18:95:6":13,"s:97:16:97:38":14,"f:97:22:97:27":5,"s:97:33:97:38":15,"s:98:21:104:10":16,"b:99:8:103:10:104:8:104:10":2,"s:105:23:105:66":17,"f:105:40:105:45":6,"s:105:51:105:64":18,"s:107:4:118:Infinity":19,"f:108:19:108:24":7,"s:109:20:109:40":20,"s:110:24:110:Infinity":21,"b:110:24:110:50:110:50:110:Infinity":3,"s:111:24:111:Infinity":22,"b:111:24:111:50:111:50:111:Infinity":4,"s:112:8:116:Infinity":23,"b:115:34:115:54:115:54:115:Infinity":5,"f:121:8:121:15":8,"s:122:23:122:Infinity":24,"s:123:15:123:42":25,"b:123:22:123:39:123:39:123:42":6,"b:124:4:124:Infinity:undefined:undefined:undefined:undefined":7,"s:124:4:124:Infinity":26,"s:124:13:124:Infinity":27,"s:126:17:132:6":28,"b:134:4:135:Infinity:undefined:undefined:undefined:undefined":8,"s:134:4:135:Infinity":29,"s:135:6:135:Infinity":30,"s:138:16:141:6":31,"s:142:20:142:Infinity":32,"b:142:20:142:45:142:45:142:Infinity":9,"s:143:20:143:Infinity":33,"b:143:20:143:45:143:45:143:Infinity":10,"s:145:4:152:Infinity":34,"b:149:32:149:52:149:52:149:Infinity":11,"b:150:26:150:50:150:50:150:Infinity":12,"f:155:11:155:18":9,"s:156:23:156:Infinity":35,"s:157:15:157:42":36,"b:157:22:157:39:157:39:157:42":13,"b:158:4:158:Infinity:undefined:undefined:undefined:undefined":14,"s:158:4:158:Infinity":37,"s:158:13:158:Infinity":38,"s:160:17:160:93":39,"b:161:4:162:Infinity:undefined:undefined:undefined:undefined":15,"s:161:4:162:Infinity":40,"s:162:6:162:Infinity":41,"s:165:4:165:Infinity":42,"s:166:4:166:Infinity":43,"f:169:13:169:20":10,"s:170:23:170:Infinity":44,"s:171:19:171:53":45,"b:172:4:173:Infinity:undefined:undefined:undefined:undefined":16,"s:172:4:173:Infinity":46,"s:173:6:173:Infinity":47,"b:173:43:173:78:173:78:173:98":17,"s:176:52:176:Infinity":48,"s:178:4:223:Infinity":49,"s:179:25:180:Infinity":50,"b:180:17:180:47:180:47:180:Infinity":18,"s:183:19:202:8":51,"b:189:22:189:36:189:36:189:Infinity":19,"f:191:31:191:36":11,"s:191:48:195:15":52,"s:204:6:210:Infinity":53,"s:212:6:212:Infinity":54,"b:214:6:215:Infinity:undefined:undefined:undefined:undefined":20,"s:214:6:215:Infinity":55,"s:215:8:215:Infinity":56,"b:217:6:218:Infinity:undefined:undefined:undefined:undefined":21,"s:217:6:218:Infinity":57,"s:218:8:218:Infinity":58,"b:220:6:221:Infinity:undefined:undefined:undefined:undefined":22,"s:220:6:221:Infinity":59,"s:221:8:221:Infinity":60,"s:223:6:223:Infinity":61}}}
,"/home/cauaemanueldeoliveirarego/Faculdade/MEMORA/server/src/errors/index.ts": {"path":"/home/cauaemanueldeoliveirarego/Faculdade/MEMORA/server/src/errors/index.ts","statementMap":{"0":{"start":{"line":6,"column":4},"end":{"line":6,"column":null}},"1":{"start":{"line":5,"column":56},"end":{"line":5,"column":73}},"2":{"start":{"line":7,"column":4},"end":{"line":11,"column":null}},"3":{"start":{"line":23,"column":27},"end":{"line":23,"column":null}},"4":{"start":{"line":26,"column":4},"end":{"line":26,"column":null}}},"fnMap":{"0":{"name":"(anonymous_0)","decl":{"start":{"line":5,"column":2},"end":{"line":5,"column":14}},"loc":{"start":{"line":5,"column":73},"end":{"line":11,"column":null}},"line":5},"1":{"name":"(anonymous_1)","decl":{"start":{"line":25,"column":2},"end":{"line":25,"column":14}},"loc":{"start":{"line":25,"column":31},"end":{"line":26,"column":null}},"line":25}},"branchMap":{},"s":{"0":13,"1":13,"2":13,"3":1,"4":1},"f":{"0":13,"1":1},"b":{},"meta":{"lastBranch":0,"lastFunction":2,"lastStatement":5,"seen":{"f:5:2:5:14":0,"s:6:4:6:Infinity":0,"s:5:56:5:73":1,"s:7:4:11:Infinity":2,"s:23:27:23:Infinity":3,"f:25:2:25:14":1,"s:26:4:26:Infinity":4}}}
,"/home/cauaemanueldeoliveirarego/Faculdade/MEMORA/server/src/prompts/FlashcardPromptBuilder.ts": {"path":"/home/cauaemanueldeoliveirarego/Faculdade/MEMORA/server/src/prompts/FlashcardPromptBuilder.ts","statementMap":{"0":{"start":{"line":4,"column":23},"end":{"line":4,"column":null}},"1":{"start":{"line":5,"column":23},"end":{"line":5,"column":null}},"2":{"start":{"line":9,"column":4},"end":{"line":9,"column":null}},"3":{"start":{"line":11,"column":19},"end":{"line":11,"column":39}},"4":{"start":{"line":12,"column":27},"end":{"line":12,"column":null}},"5":{"start":{"line":14,"column":19},"end":{"line":18,"column":null}},"6":{"start":{"line":20,"column":4},"end":{"line":20,"column":null}},"7":{"start":{"line":24,"column":19},"end":{"line":24,"column":39}},"8":{"start":{"line":26,"column":4},"end":{"line":29,"column":null}},"9":{"start":{"line":27,"column":6},"end":{"line":29,"column":null}},"10":{"start":{"line":32,"column":4},"end":{"line":40,"column":null}},"11":{"start":{"line":37,"column":6},"end":{"line":40,"column":null}},"12":{"start":{"line":45,"column":4},"end":{"line":45,"column":null}},"13":{"start":{"line":49,"column":4},"end":{"line":61,"column":null}},"14":{"start":{"line":65,"column":33},"end":{"line":69,"column":null}},"15":{"start":{"line":72,"column":4},"end":{"line":78,"column":null}}},"fnMap":{"0":{"name":"(anonymous_0)","decl":{"start":{"line":8,"column":2},"end":{"line":8,"column":9}},"loc":{"start":{"line":8,"column":45},"end":{"line":20,"column":null}},"line":8},"1":{"name":"(anonymous_1)","decl":{"start":{"line":23,"column":2},"end":{"line":23,"column":10}},"loc":{"start":{"line":23,"column":47},"end":{"line":40,"column":null}},"line":23},"2":{"name":"(anonymous_2)","decl":{"start":{"line":44,"column":2},"end":{"line":44,"column":10}},"loc":{"start":{"line":44,"column":40},"end":{"line":45,"column":null}},"line":44},"3":{"name":"(anonymous_3)","decl":{"start":{"line":48,"column":2},"end":{"line":48,"column":10}},"loc":{"start":{"line":48,"column":77},"end":{"line":61,"column":null}},"line":48},"4":{"name":"(anonymous_4)","decl":{"start":{"line":64,"column":2},"end":{"line":64,"column":10}},"loc":{"start":{"line":64,"column":39},"end":{"line":78,"column":null}},"line":64}},"branchMap":{"0":{"loc":{"start":{"line":26,"column":4},"end":{"line":29,"column":null}},"type":"if","locations":[{"start":{"line":26,"column":4},"end":{"line":29,"column":null}},{"start":{},"end":{}}],"line":26},"1":{"loc":{"start":{"line":32,"column":4},"end":{"line":40,"column":null}},"type":"if","locations":[{"start":{"line":32,"column":4},"end":{"line":40,"column":null}},{"start":{},"end":{}}],"line":32},"2":{"loc":{"start":{"line":33,"column":6},"end":{"line":35,"column":null}},"type":"binary-expr","locations":[{"start":{"line":33,"column":6},"end":{"line":33,"column":42}},{"start":{"line":34,"column":6},"end":{"line":34,"column":null}},{"start":{"line":35,"column":6},"end":{"line":35,"column":null}}],"line":33}},"s":{"0":2,"1":2,"2":0,"3":0,"4":0,"5":0,"6":0,"7":0,"8":0,"9":0,"10":0,"11":0,"12":0,"13":0,"14":0,"15":0},"f":{"0":0,"1":0,"2":0,"3":0,"4":0},"b":{"0":[0,0],"1":[0,0],"2":[0,0,0]},"meta":{"lastBranch":3,"lastFunction":5,"lastStatement":16,"seen":{"s:4:23:4:Infinity":0,"s:5:23:5:Infinity":1,"f:8:2:8:9":0,"s:9:4:9:Infinity":2,"s:11:19:11:39":3,"s:12:27:12:Infinity":4,"s:14:19:18:Infinity":5,"s:20:4:20:Infinity":6,"f:23:2:23:10":1,"s:24:19:24:39":7,"b:26:4:29:Infinity:undefined:undefined:undefined:undefined":0,"s:26:4:29:Infinity":8,"s:27:6:29:Infinity":9,"b:32:4:40:Infinity:undefined:undefined:undefined:undefined":1,"s:32:4:40:Infinity":10,"b:33:6:33:42:34:6:34:Infinity:35:6:35:Infinity":2,"s:37:6:40:Infinity":11,"f:44:2:44:10":2,"s:45:4:45:Infinity":12,"f:48:2:48:10":3,"s:49:4:61:Infinity":13,"f:64:2:64:10":4,"s:65:33:69:Infinity":14,"s:72:4:78:Infinity":15}}}
,"/home/cauaemanueldeoliveirarego/Faculdade/MEMORA/server/src/services/FlashcardService.ts": {"path":"/home/cauaemanueldeoliveirarego/Faculdade/MEMORA/server/src/services/FlashcardService.ts","statementMap":{"0":{"start":{"line":19,"column":4},"end":{"line":19,"column":null}},"1":{"start":{"line":20,"column":4},"end":{"line":20,"column":null}},"2":{"start":{"line":21,"column":4},"end":{"line":21,"column":null}},"3":{"start":{"line":26,"column":19},"end":{"line":26,"column":84}},"4":{"start":{"line":29,"column":4},"end":{"line":31,"column":null}},"5":{"start":{"line":30,"column":23},"end":{"line":30,"column":60}},"6":{"start":{"line":31,"column":6},"end":{"line":31,"column":null}},"7":{"start":{"line":34,"column":4},"end":{"line":34,"column":null}}},"fnMap":{"0":{"name":"(anonymous_0)","decl":{"start":{"line":18,"column":2},"end":{"line":18,"column":16}},"loc":{"start":{"line":18,"column":16},"end":{"line":21,"column":null}},"line":18},"1":{"name":"(anonymous_1)","decl":{"start":{"line":24,"column":8},"end":{"line":24,"column":17}},"loc":{"start":{"line":24,"column":93},"end":{"line":34,"column":null}},"line":24}},"branchMap":{"0":{"loc":{"start":{"line":29,"column":4},"end":{"line":31,"column":null}},"type":"if","locations":[{"start":{"line":29,"column":4},"end":{"line":31,"column":null}},{"start":{},"end":{}}],"line":29}},"s":{"0":0,"1":0,"2":0,"3":0,"4":0,"5":0,"6":0,"7":0},"f":{"0":0,"1":0},"b":{"0":[0,0]},"meta":{"lastBranch":1,"lastFunction":2,"lastStatement":8,"seen":{"f:18:2:18:16":0,"s:19:4:19:Infinity":0,"s:20:4:20:Infinity":1,"s:21:4:21:Infinity":2,"f:24:8:24:17":1,"s:26:19:26:84":3,"b:29:4:31:Infinity:undefined:undefined:undefined:undefined":0,"s:29:4:31:Infinity":4,"s:30:23:30:60":5,"s:31:6:31:Infinity":6,"s:34:4:34:Infinity":7}}}
,"/home/cauaemanueldeoliveirarego/Faculdade/MEMORA/server/src/services/GeminiService.ts": {"path":"/home/cauaemanueldeoliveirarego/Faculdade/MEMORA/server/src/services/GeminiService.ts","statementMap":{"0":{"start":{"line":10,"column":22},"end":{"line":15,"column":null}},"1":{"start":{"line":17,"column":29},"end":{"line":27,"column":null}},"2":{"start":{"line":39,"column":19},"end":{"line":39,"column":53}},"3":{"start":{"line":41,"column":4},"end":{"line":44,"column":null}},"4":{"start":{"line":42,"column":6},"end":{"line":44,"column":null}},"5":{"start":{"line":47,"column":4},"end":{"line":47,"column":null}},"6":{"start":{"line":51,"column":4},"end":{"line":73,"column":null}},"7":{"start":{"line":52,"column":6},"end":{"line":52,"column":null}},"8":{"start":{"line":53,"column":23},"end":{"line":61,"column":8}},"9":{"start":{"line":63,"column":19},"end":{"line":63,"column":null}},"10":{"start":{"line":64,"column":6},"end":{"line":65,"column":null}},"11":{"start":{"line":65,"column":8},"end":{"line":65,"column":null}},"12":{"start":{"line":67,"column":6},"end":{"line":67,"column":null}},"13":{"start":{"line":69,"column":6},"end":{"line":69,"column":null}},"14":{"start":{"line":69,"column":47},"end":{"line":69,"column":null}},"15":{"start":{"line":70,"column":6},"end":{"line":73,"column":null}},"16":{"start":{"line":80,"column":4},"end":{"line":93,"column":null}},"17":{"start":{"line":81,"column":6},"end":{"line":81,"column":null}},"18":{"start":{"line":82,"column":6},"end":{"line":82,"column":null}},"19":{"start":{"line":83,"column":27},"end":{"line":83,"column":69}},"20":{"start":{"line":84,"column":6},"end":{"line":84,"column":null}},"21":{"start":{"line":86,"column":6},"end":{"line":86,"column":null}},"22":{"start":{"line":86,"column":47},"end":{"line":86,"column":null}},"23":{"start":{"line":87,"column":6},"end":{"line":90,"column":null}},"24":{"start":{"line":92,"column":6},"end":{"line":93,"column":null}},"25":{"start":{"line":93,"column":8},"end":{"line":93,"column":null}},"26":{"start":{"line":99,"column":4},"end":{"line":99,"column":null}},"27":{"start":{"line":101,"column":19},"end":{"line":104,"column":6}},"28":{"start":{"line":106,"column":17},"end":{"line":106,"column":64}},"29":{"start":{"line":107,"column":16},"end":{"line":107,"column":61}},"30":{"start":{"line":109,"column":4},"end":{"line":109,"column":null}},"31":{"start":{"line":113,"column":4},"end":{"line":113,"column":null}},"32":{"start":{"line":115,"column":10},"end":{"line":115,"column":63}},"33":{"start":{"line":117,"column":21},"end":{"line":127,"column":6}},"34":{"start":{"line":129,"column":17},"end":{"line":129,"column":null}},"35":{"start":{"line":130,"column":4},"end":{"line":131,"column":null}},"36":{"start":{"line":131,"column":6},"end":{"line":131,"column":null}},"37":{"start":{"line":134,"column":4},"end":{"line":134,"column":null}},"38":{"start":{"line":138,"column":4},"end":{"line":158,"column":null}},"39":{"start":{"line":138,"column":23},"end":{"line":138,"column":26}},"40":{"start":{"line":139,"column":23},"end":{"line":139,"column":66}},"41":{"start":{"line":140,"column":20},"end":{"line":140,"column":59}},"42":{"start":{"line":142,"column":6},"end":{"line":144,"column":null}},"43":{"start":{"line":143,"column":8},"end":{"line":143,"column":null}},"44":{"start":{"line":144,"column":8},"end":{"line":144,"column":null}},"45":{"start":{"line":147,"column":6},"end":{"line":150,"column":null}},"46":{"start":{"line":148,"column":8},"end":{"line":150,"column":null}},"47":{"start":{"line":153,"column":6},"end":{"line":156,"column":null}},"48":{"start":{"line":158,"column":6},"end":{"line":158,"column":null}},"49":{"start":{"line":161,"column":4},"end":{"line":164,"column":null}},"50":{"start":{"line":168,"column":4},"end":{"line":168,"column":null}},"51":{"start":{"line":170,"column":22},"end":{"line":170,"column":58}},"52":{"start":{"line":172,"column":4},"end":{"line":187,"column":null}},"53":{"start":{"line":173,"column":30},"end":{"line":173,"column":51}},"54":{"start":{"line":175,"column":6},"end":{"line":178,"column":null}},"55":{"start":{"line":176,"column":8},"end":{"line":178,"column":null}},"56":{"start":{"line":181,"column":6},"end":{"line":181,"column":null}},"57":{"start":{"line":181,"column":41},"end":{"line":181,"column":76}},"58":{"start":{"line":183,"column":6},"end":{"line":183,"column":null}},"59":{"start":{"line":183,"column":47},"end":{"line":183,"column":null}},"60":{"start":{"line":184,"column":6},"end":{"line":187,"column":null}},"61":{"start":{"line":192,"column":4},"end":{"line":195,"column":null}},"62":{"start":{"line":193,"column":6},"end":{"line":195,"column":null}},"63":{"start":{"line":198,"column":21},"end":{"line":198,"column":42}},"64":{"start":{"line":199,"column":21},"end":{"line":199,"column":42}},"65":{"start":{"line":201,"column":4},"end":{"line":204,"column":null}},"66":{"start":{"line":202,"column":6},"end":{"line":204,"column":null}},"67":{"start":{"line":207,"column":4},"end":{"line":207,"column":null}},"68":{"start":{"line":211,"column":4},"end":{"line":212,"column":null}},"69":{"start":{"line":212,"column":6},"end":{"line":212,"column":null}},"70":{"start":{"line":215,"column":22},"end":{"line":215,"column":null}},"71":{"start":{"line":216,"column":4},"end":{"line":216,"column":null}},"72":{"start":{"line":220,"column":20},"end":{"line":220,"column":38}},"73":{"start":{"line":222,"column":4},"end":{"line":223,"column":null}},"74":{"start":{"line":223,"column":6},"end":{"line":223,"column":null}},"75":{"start":{"line":226,"column":24},"end":{"line":226,"column":73}},"76":{"start":{"line":228,"column":4},"end":{"line":231,"column":null}},"77":{"start":{"line":229,"column":6},"end":{"line":231,"column":null}},"78":{"start":{"line":234,"column":4},"end":{"line":234,"column":null}},"79":{"start":{"line":238,"column":4},"end":{"line":239,"column":null}},"80":{"start":{"line":239,"column":6},"end":{"line":239,"column":null}},"81":{"start":{"line":242,"column":4},"end":{"line":243,"column":null}},"82":{"start":{"line":243,"column":6},"end":{"line":243,"column":null}},"83":{"start":{"line":246,"column":4},"end":{"line":246,"column":null}},"84":{"start":{"line":250,"column":4},"end":{"line":253,"column":null}},"85":{"start":{"line":251,"column":6},"end":{"line":253,"column":null}},"86":{"start":{"line":256,"column":4},"end":{"line":256,"column":null}},"87":{"start":{"line":260,"column":4},"end":{"line":269,"column":null}},"88":{"start":{"line":261,"column":6},"end":{"line":261,"column":null}},"89":{"start":{"line":262,"column":6},"end":{"line":262,"column":null}},"90":{"start":{"line":263,"column":6},"end":{"line":263,"column":null}},"91":{"start":{"line":265,"column":6},"end":{"line":269,"column":null}},"92":{"start":{"line":274,"column":4},"end":{"line":274,"column":null}},"93":{"start":{"line":274,"column":36},"end":{"line":274,"column":59}}},"fnMap":{"0":{"name":"(anonymous_0)","decl":{"start":{"line":38,"column":2},"end":{"line":38,"column":16}},"loc":{"start":{"line":38,"column":16},"end":{"line":47,"column":null}},"line":38},"1":{"name":"(anonymous_1)","decl":{"start":{"line":50,"column":15},"end":{"line":50,"column":44}},"loc":{"start":{"line":50,"column":82},"end":{"line":73,"column":null}},"line":50},"2":{"name":"(anonymous_2)","decl":{"start":{"line":77,"column":15},"end":{"line":77,"column":34}},"loc":{"start":{"line":77,"column":87},"end":{"line":93,"column":null}},"line":77},"3":{"name":"(anonymous_3)","decl":{"start":{"line":98,"column":16},"end":{"line":98,"column":27}},"loc":{"start":{"line":98,"column":65},"end":{"line":109,"column":null}},"line":98},"4":{"name":"(anonymous_4)","decl":{"start":{"line":112,"column":16},"end":{"line":112,"column":26}},"loc":{"start":{"line":112,"column":79},"end":{"line":134,"column":null}},"line":112},"5":{"name":"(anonymous_5)","decl":{"start":{"line":137,"column":16},"end":{"line":137,"column":34}},"loc":{"start":{"line":137,"column":67},"end":{"line":164,"column":null}},"line":137},"6":{"name":"(anonymous_6)","decl":{"start":{"line":167,"column":2},"end":{"line":167,"column":10}},"loc":{"start":{"line":167,"column":62},"end":{"line":187,"column":null}},"line":167},"7":{"name":"(anonymous_7)","decl":{"start":{"line":181,"column":20},"end":{"line":181,"column":25}},"loc":{"start":{"line":181,"column":41},"end":{"line":181,"column":76}},"line":181},"8":{"name":"(anonymous_8)","decl":{"start":{"line":191,"column":2},"end":{"line":191,"column":10}},"loc":{"start":{"line":191,"column":70},"end":{"line":207,"column":null}},"line":191},"9":{"name":"(anonymous_9)","decl":{"start":{"line":210,"column":2},"end":{"line":210,"column":10}},"loc":{"start":{"line":210,"column":58},"end":{"line":216,"column":null}},"line":210},"10":{"name":"(anonymous_10)","decl":{"start":{"line":219,"column":2},"end":{"line":219,"column":10}},"loc":{"start":{"line":219,"column":58},"end":{"line":234,"column":null}},"line":219},"11":{"name":"(anonymous_11)","decl":{"start":{"line":237,"column":2},"end":{"line":237,"column":10}},"loc":{"start":{"line":237,"column":53},"end":{"line":246,"column":null}},"line":237},"12":{"name":"(anonymous_12)","decl":{"start":{"line":249,"column":2},"end":{"line":249,"column":10}},"loc":{"start":{"line":249,"column":93},"end":{"line":256,"column":null}},"line":249},"13":{"name":"(anonymous_13)","decl":{"start":{"line":259,"column":16},"end":{"line":259,"column":34}},"loc":{"start":{"line":259,"column":67},"end":{"line":269,"column":null}},"line":259},"14":{"name":"(anonymous_14)","decl":{"start":{"line":273,"column":2},"end":{"line":273,"column":10}},"loc":{"start":{"line":273,"column":43},"end":{"line":274,"column":null}},"line":273},"15":{"name":"(anonymous_15)","decl":{"start":{"line":274,"column":15},"end":{"line":274,"column":24}},"loc":{"start":{"line":274,"column":36},"end":{"line":274,"column":59}},"line":274}},"branchMap":{"0":{"loc":{"start":{"line":41,"column":4},"end":{"line":44,"column":null}},"type":"if","locations":[{"start":{"line":41,"column":4},"end":{"line":44,"column":null}},{"start":{},"end":{}}],"line":41},"1":{"loc":{"start":{"line":64,"column":6},"end":{"line":65,"column":null}},"type":"if","locations":[{"start":{"line":64,"column":6},"end":{"line":65,"column":null}},{"start":{},"end":{}}],"line":64},"2":{"loc":{"start":{"line":69,"column":6},"end":{"line":69,"column":null}},"type":"if","locations":[{"start":{"line":69,"column":6},"end":{"line":69,"column":null}},{"start":{},"end":{}}],"line":69},"3":{"loc":{"start":{"line":86,"column":6},"end":{"line":86,"column":null}},"type":"if","locations":[{"start":{"line":86,"column":6},"end":{"line":86,"column":null}},{"start":{},"end":{}}],"line":86},"4":{"loc":{"start":{"line":92,"column":6},"end":{"line":93,"column":null}},"type":"if","locations":[{"start":{"line":92,"column":6},"end":{"line":93,"column":null}},{"start":{},"end":{}}],"line":92},"5":{"loc":{"start":{"line":130,"column":4},"end":{"line":131,"column":null}},"type":"if","locations":[{"start":{"line":130,"column":4},"end":{"line":131,"column":null}},{"start":{},"end":{}}],"line":130},"6":{"loc":{"start":{"line":142,"column":6},"end":{"line":144,"column":null}},"type":"if","locations":[{"start":{"line":142,"column":6},"end":{"line":144,"column":null}},{"start":{},"end":{}}],"line":142},"7":{"loc":{"start":{"line":147,"column":6},"end":{"line":150,"column":null}},"type":"if","locations":[{"start":{"line":147,"column":6},"end":{"line":150,"column":null}},{"start":{},"end":{}}],"line":147},"8":{"loc":{"start":{"line":175,"column":6},"end":{"line":178,"column":null}},"type":"if","locations":[{"start":{"line":175,"column":6},"end":{"line":178,"column":null}},{"start":{},"end":{}}],"line":175},"9":{"loc":{"start":{"line":183,"column":6},"end":{"line":183,"column":null}},"type":"if","locations":[{"start":{"line":183,"column":6},"end":{"line":183,"column":null}},{"start":{},"end":{}}],"line":183},"10":{"loc":{"start":{"line":192,"column":4},"end":{"line":195,"column":null}},"type":"if","locations":[{"start":{"line":192,"column":4},"end":{"line":195,"column":null}},{"start":{},"end":{}}],"line":192},"11":{"loc":{"start":{"line":201,"column":4},"end":{"line":204,"column":null}},"type":"if","locations":[{"start":{"line":201,"column":4},"end":{"line":204,"column":null}},{"start":{},"end":{}}],"line":201},"12":{"loc":{"start":{"line":201,"column":8},"end":{"line":201,"column":32}},"type":"binary-expr","locations":[{"start":{"line":201,"column":8},"end":{"line":201,"column":21}},{"start":{"line":201,"column":21},"end":{"line":201,"column":32}}],"line":201},"13":{"loc":{"start":{"line":211,"column":4},"end":{"line":212,"column":null}},"type":"if","locations":[{"start":{"line":211,"column":4},"end":{"line":212,"column":null}},{"start":{},"end":{}}],"line":211},"14":{"loc":{"start":{"line":211,"column":8},"end":{"line":211,"column":45}},"type":"binary-expr","locations":[{"start":{"line":211,"column":8},"end":{"line":211,"column":18}},{"start":{"line":211,"column":18},"end":{"line":211,"column":45}}],"line":211},"15":{"loc":{"start":{"line":216,"column":11},"end":{"line":216,"column":null}},"type":"binary-expr","locations":[{"start":{"line":216,"column":11},"end":{"line":216,"column":53}},{"start":{"line":216,"column":53},"end":{"line":216,"column":null}}],"line":216},"16":{"loc":{"start":{"line":222,"column":4},"end":{"line":223,"column":null}},"type":"if","locations":[{"start":{"line":222,"column":4},"end":{"line":223,"column":null}},{"start":{},"end":{}}],"line":222},"17":{"loc":{"start":{"line":228,"column":4},"end":{"line":231,"column":null}},"type":"if","locations":[{"start":{"line":228,"column":4},"end":{"line":231,"column":null}},{"start":{},"end":{}}],"line":228},"18":{"loc":{"start":{"line":238,"column":4},"end":{"line":239,"column":null}},"type":"if","locations":[{"start":{"line":238,"column":4},"end":{"line":239,"column":null}},{"start":{},"end":{}}],"line":238},"19":{"loc":{"start":{"line":242,"column":4},"end":{"line":243,"column":null}},"type":"if","locations":[{"start":{"line":242,"column":4},"end":{"line":243,"column":null}},{"start":{},"end":{}}],"line":242},"20":{"loc":{"start":{"line":242,"column":8},"end":{"line":242,"column":67}},"type":"binary-expr","locations":[{"start":{"line":242,"column":8},"end":{"line":242,"column":17}},{"start":{"line":242,"column":17},"end":{"line":242,"column":46}},{"start":{"line":242,"column":46},"end":{"line":242,"column":67}}],"line":242},"21":{"loc":{"start":{"line":250,"column":4},"end":{"line":253,"column":null}},"type":"if","locations":[{"start":{"line":250,"column":4},"end":{"line":253,"column":null}},{"start":{},"end":{}}],"line":250}},"s":{"0":3,"1":3,"2":14,"3":14,"4":0,"5":14,"6":14,"7":14,"8":14,"9":11,"10":11,"11":1,"12":10,"13":10,"14":7,"15":3,"16":0,"17":0,"18":0,"19":0,"20":0,"21":0,"22":0,"23":0,"24":0,"25":0,"26":0,"27":0,"28":0,"29":0,"30":0,"31":0,"32":0,"33":0,"34":0,"35":0,"36":0,"37":0,"38":0,"39":0,"40":0,"41":0,"42":0,"43":0,"44":0,"45":0,"46":0,"47":0,"48":0,"49":0,"50":10,"51":10,"52":10,"53":10,"54":10,"55":1,"56":7,"57":8,"58":6,"59":4,"60":2,"61":8,"62":1,"63":7,"64":7,"65":7,"66":2,"67":5,"68":8,"69":0,"70":8,"71":8,"72":10,"73":10,"74":9,"75":1,"76":1,"77":0,"78":1,"79":0,"80":0,"81":0,"82":0,"83":0,"84":0,"85":0,"86":0,"87":0,"88":0,"89":0,"90":0,"91":0,"92":0,"93":0},"f":{"0":14,"1":14,"2":0,"3":0,"4":0,"5":0,"6":10,"7":8,"8":8,"9":8,"10":10,"11":0,"12":0,"13":0,"14":0,"15":0},"b":{"0":[0,14],"1":[1,10],"2":[7,3],"3":[0,0],"4":[0,0],"5":[0,0],"6":[0,0],"7":[0,0],"8":[1,9],"9":[4,2],"10":[1,7],"11":[2,5],"12":[7,6],"13":[0,8],"14":[8,8],"15":[8,7],"16":[9,1],"17":[0,1],"18":[0,0],"19":[0,0],"20":[0,0,0],"21":[0,0]},"meta":{"lastBranch":22,"lastFunction":16,"lastStatement":94,"seen":{"s:10:22:15:Infinity":0,"s:17:29:27:Infinity":1,"f:38:2:38:16":0,"s:39:19:39:53":2,"b:41:4:44:Infinity:undefined:undefined:undefined:undefined":0,"s:41:4:44:Infinity":3,"s:42:6:44:Infinity":4,"s:47:4:47:Infinity":5,"f:50:15:50:44":1,"s:51:4:73:Infinity":6,"s:52:6:52:Infinity":7,"s:53:23:61:8":8,"s:63:19:63:Infinity":9,"b:64:6:65:Infinity:undefined:undefined:undefined:undefined":1,"s:64:6:65:Infinity":10,"s:65:8:65:Infinity":11,"s:67:6:67:Infinity":12,"b:69:6:69:Infinity:undefined:undefined:undefined:undefined":2,"s:69:6:69:Infinity":13,"s:69:47:69:Infinity":14,"s:70:6:73:Infinity":15,"f:77:15:77:34":2,"s:80:4:93:Infinity":16,"s:81:6:81:Infinity":17,"s:82:6:82:Infinity":18,"s:83:27:83:69":19,"s:84:6:84:Infinity":20,"b:86:6:86:Infinity:undefined:undefined:undefined:undefined":3,"s:86:6:86:Infinity":21,"s:86:47:86:Infinity":22,"s:87:6:90:Infinity":23,"b:92:6:93:Infinity:undefined:undefined:undefined:undefined":4,"s:92:6:93:Infinity":24,"s:93:8:93:Infinity":25,"f:98:16:98:27":3,"s:99:4:99:Infinity":26,"s:101:19:104:6":27,"s:106:17:106:64":28,"s:107:16:107:61":29,"s:109:4:109:Infinity":30,"f:112:16:112:26":4,"s:113:4:113:Infinity":31,"s:115:10:115:63":32,"s:117:21:127:6":33,"s:129:17:129:Infinity":34,"b:130:4:131:Infinity:undefined:undefined:undefined:undefined":5,"s:130:4:131:Infinity":35,"s:131:6:131:Infinity":36,"s:134:4:134:Infinity":37,"f:137:16:137:34":5,"s:138:4:158:Infinity":38,"s:138:23:138:26":39,"s:139:23:139:66":40,"s:140:20:140:59":41,"b:142:6:144:Infinity:undefined:undefined:undefined:undefined":6,"s:142:6:144:Infinity":42,"s:143:8:143:Infinity":43,"s:144:8:144:Infinity":44,"b:147:6:150:Infinity:undefined:undefined:undefined:undefined":7,"s:147:6:150:Infinity":45,"s:148:8:150:Infinity":46,"s:153:6:156:Infinity":47,"s:158:6:158:Infinity":48,"s:161:4:164:Infinity":49,"f:167:2:167:10":6,"s:168:4:168:Infinity":50,"s:170:22:170:58":51,"s:172:4:187:Infinity":52,"s:173:30:173:51":53,"b:175:6:178:Infinity:undefined:undefined:undefined:undefined":8,"s:175:6:178:Infinity":54,"s:176:8:178:Infinity":55,"s:181:6:181:Infinity":56,"f:181:20:181:25":7,"s:181:41:181:76":57,"b:183:6:183:Infinity:undefined:undefined:undefined:undefined":9,"s:183:6:183:Infinity":58,"s:183:47:183:Infinity":59,"s:184:6:187:Infinity":60,"f:191:2:191:10":8,"b:192:4:195:Infinity:undefined:undefined:undefined:undefined":10,"s:192:4:195:Infinity":61,"s:193:6:195:Infinity":62,"s:198:21:198:42":63,"s:199:21:199:42":64,"b:201:4:204:Infinity:undefined:undefined:undefined:undefined":11,"s:201:4:204:Infinity":65,"b:201:8:201:21:201:21:201:32":12,"s:202:6:204:Infinity":66,"s:207:4:207:Infinity":67,"f:210:2:210:10":9,"b:211:4:212:Infinity:undefined:undefined:undefined:undefined":13,"s:211:4:212:Infinity":68,"b:211:8:211:18:211:18:211:45":14,"s:212:6:212:Infinity":69,"s:215:22:215:Infinity":70,"s:216:4:216:Infinity":71,"b:216:11:216:53:216:53:216:Infinity":15,"f:219:2:219:10":10,"s:220:20:220:38":72,"b:222:4:223:Infinity:undefined:undefined:undefined:undefined":16,"s:222:4:223:Infinity":73,"s:223:6:223:Infinity":74,"s:226:24:226:73":75,"b:228:4:231:Infinity:undefined:undefined:undefined:undefined":17,"s:228:4:231:Infinity":76,"s:229:6:231:Infinity":77,"s:234:4:234:Infinity":78,"f:237:2:237:10":11,"b:238:4:239:Infinity:undefined:undefined:undefined:undefined":18,"s:238:4:239:Infinity":79,"s:239:6:239:Infinity":80,"b:242:4:243:Infinity:undefined:undefined:undefined:undefined":19,"s:242:4:243:Infinity":81,"b:242:8:242:17:242:17:242:46:242:46:242:67":20,"s:243:6:243:Infinity":82,"s:246:4:246:Infinity":83,"f:249:2:249:10":12,"b:250:4:253:Infinity:undefined:undefined:undefined:undefined":21,"s:250:4:253:Infinity":84,"s:251:6:253:Infinity":85,"s:256:4:256:Infinity":86,"f:259:16:259:34":13,"s:260:4:269:Infinity":87,"s:261:6:261:Infinity":88,"s:262:6:262:Infinity":89,"s:263:6:263:Infinity":90,"s:265:6:269:Infinity":91,"f:273:2:273:10":14,"s:274:4:274:Infinity":92,"f:274:15:274:24":15,"s:274:36:274:59":93}}}
,"/home/cauaemanueldeoliveirarego/Faculdade/MEMORA/server/src/utils/PdfManager.ts": {"path":"/home/cauaemanueldeoliveirarego/Faculdade/MEMORA/server/src/utils/PdfManager.ts","statementMap":{"0":{"start":{"line":6,"column":22},"end":{"line":6,"column":null}},"1":{"start":{"line":7,"column":28},"end":{"line":7,"column":null}},"2":{"start":{"line":8,"column":21},"end":{"line":10,"column":null}},"3":{"start":{"line":20,"column":4},"end":{"line":21,"column":null}},"4":{"start":{"line":21,"column":6},"end":{"line":21,"column":null}},"5":{"start":{"line":24,"column":4},"end":{"line":27,"column":null}},"6":{"start":{"line":25,"column":6},"end":{"line":27,"column":null}},"7":{"start":{"line":30,"column":31},"end":{"line":30,"column":null}},"8":{"start":{"line":31,"column":4},"end":{"line":31,"column":null}},"9":{"start":{"line":35,"column":4},"end":{"line":39,"column":null}},"10":{"start":{"line":36,"column":27},"end":{"line":36,"column":42}},"11":{"start":{"line":37,"column":6},"end":{"line":37,"column":null}},"12":{"start":{"line":39,"column":6},"end":{"line":39,"column":null}},"13":{"start":{"line":44,"column":4},"end":{"line":44,"column":null}},"14":{"start":{"line":45,"column":23},"end":{"line":45,"column":44}},"15":{"start":{"line":46,"column":22},"end":{"line":46,"column":84}},"16":{"start":{"line":46,"column":41},"end":{"line":46,"column":64}},"17":{"start":{"line":48,"column":4},"end":{"line":71,"column":null}},"18":{"start":{"line":49,"column":23},"end":{"line":52,"column":8}},"19":{"start":{"line":54,"column":6},"end":{"line":57,"column":null}},"20":{"start":{"line":55,"column":8},"end":{"line":57,"column":null}},"21":{"start":{"line":60,"column":26},"end":{"line":60,"column":null}},"22":{"start":{"line":61,"column":6},"end":{"line":64,"column":null}},"23":{"start":{"line":62,"column":8},"end":{"line":64,"column":null}},"24":{"start":{"line":67,"column":26},"end":{"line":67,"column":54}},"25":{"start":{"line":68,"column":19},"end":{"line":68,"column":67}},"26":{"start":{"line":69,"column":6},"end":{"line":69,"column":null}},"27":{"start":{"line":71,"column":6},"end":{"line":71,"column":null}},"28":{"start":{"line":76,"column":4},"end":{"line":76,"column":null}},"29":{"start":{"line":77,"column":4},"end":{"line":84,"column":null}},"30":{"start":{"line":78,"column":25},"end":{"line":78,"column":52}},"31":{"start":{"line":79,"column":19},"end":{"line":79,"column":66}},"32":{"start":{"line":80,"column":6},"end":{"line":80,"column":null}},"33":{"start":{"line":82,"column":6},"end":{"line":84,"column":null}},"34":{"start":{"line":89,"column":24},"end":{"line":91,"column":null}},"35":{"start":{"line":93,"column":17},"end":{"line":93,"column":65}},"36":{"start":{"line":94,"column":4},"end":{"line":94,"column":null}}},"fnMap":{"0":{"name":"(anonymous_0)","decl":{"start":{"line":19,"column":15},"end":{"line":19,"column":23}},"loc":{"start":{"line":19,"column":66},"end":{"line":31,"column":null}},"line":19},"1":{"name":"(anonymous_1)","decl":{"start":{"line":34,"column":2},"end":{"line":34,"column":10}},"loc":{"start":{"line":34,"column":41},"end":{"line":39,"column":null}},"line":34},"2":{"name":"(anonymous_2)","decl":{"start":{"line":43,"column":16},"end":{"line":43,"column":24}},"loc":{"start":{"line":43,"column":61},"end":{"line":71,"column":null}},"line":43},"3":{"name":"(anonymous_3)","decl":{"start":{"line":46,"column":22},"end":{"line":46,"column":39}},"loc":{"start":{"line":46,"column":39},"end":{"line":46,"column":84}},"line":46},"4":{"name":"(anonymous_4)","decl":{"start":{"line":75,"column":16},"end":{"line":75,"column":30}},"loc":{"start":{"line":75,"column":74},"end":{"line":84,"column":null}},"line":75},"5":{"name":"(anonymous_5)","decl":{"start":{"line":88,"column":2},"end":{"line":88,"column":10}},"loc":{"start":{"line":88,"column":52},"end":{"line":94,"column":null}},"line":88}},"branchMap":{"0":{"loc":{"start":{"line":20,"column":4},"end":{"line":21,"column":null}},"type":"if","locations":[{"start":{"line":20,"column":4},"end":{"line":21,"column":null}},{"start":{},"end":{}}],"line":20},"1":{"loc":{"start":{"line":24,"column":4},"end":{"line":27,"column":null}},"type":"if","locations":[{"start":{"line":24,"column":4},"end":{"line":27,"column":null}},{"start":{},"end":{}}],"line":24},"2":{"loc":{"start":{"line":25,"column":13},"end":{"line":27,"column":36}},"type":"cond-expr","locations":[{"start":{"line":26,"column":10},"end":{"line":26,"column":30}},{"start":{"line":27,"column":10},"end":{"line":27,"column":36}}],"line":25},"3":{"loc":{"start":{"line":37,"column":13},"end":{"line":37,"column":null}},"type":"binary-expr","locations":[{"start":{"line":37,"column":13},"end":{"line":37,"column":37}},{"start":{"line":37,"column":37},"end":{"line":37,"column":null}}],"line":37},"4":{"loc":{"start":{"line":54,"column":6},"end":{"line":57,"column":null}},"type":"if","locations":[{"start":{"line":54,"column":6},"end":{"line":57,"column":null}},{"start":{},"end":{}}],"line":54},"5":{"loc":{"start":{"line":60,"column":26},"end":{"line":60,"column":null}},"type":"binary-expr","locations":[{"start":{"line":60,"column":26},"end":{"line":60,"column":62}},{"start":{"line":60,"column":66},"end":{"line":60,"column":null}}],"line":60},"6":{"loc":{"start":{"line":61,"column":6},"end":{"line":64,"column":null}},"type":"if","locations":[{"start":{"line":61,"column":6},"end":{"line":64,"column":null}},{"start":{},"end":{}}],"line":61},"7":{"loc":{"start":{"line":61,"column":10},"end":{"line":61,"column":79}},"type":"binary-expr","locations":[{"start":{"line":61,"column":10},"end":{"line":61,"column":38}},{"start":{"line":61,"column":42},"end":{"line":61,"column":79}}],"line":61}},"s":{"0":3,"1":3,"2":3,"3":8,"4":2,"5":6,"6":6,"7":0,"8":0,"9":6,"10":6,"11":6,"12":2,"13":4,"14":4,"15":4,"16":0,"17":4,"18":4,"19":3,"20":1,"21":2,"22":4,"23":1,"24":2,"25":2,"26":2,"27":4,"28":2,"29":2,"30":2,"31":1,"32":1,"33":1,"34":2,"35":2,"36":2},"f":{"0":8,"1":6,"2":4,"3":0,"4":2,"5":2},"b":{"0":[2,6],"1":[6,0],"2":[4,2],"3":[6,4],"4":[1,2],"5":[2,0],"6":[1,3],"7":[4,1]},"meta":{"lastBranch":8,"lastFunction":6,"lastStatement":37,"seen":{"s:6:22:6:Infinity":0,"s:7:28:7:Infinity":1,"s:8:21:10:Infinity":2,"f:19:15:19:23":0,"b:20:4:21:Infinity:undefined:undefined:undefined:undefined":0,"s:20:4:21:Infinity":3,"s:21:6:21:Infinity":4,"b:24:4:27:Infinity:undefined:undefined:undefined:undefined":1,"s:24:4:27:Infinity":5,"s:25:6:27:Infinity":6,"b:26:10:26:30:27:10:27:36":2,"s:30:31:30:Infinity":7,"s:31:4:31:Infinity":8,"f:34:2:34:10":1,"s:35:4:39:Infinity":9,"s:36:27:36:42":10,"s:37:6:37:Infinity":11,"b:37:13:37:37:37:37:37:Infinity":3,"s:39:6:39:Infinity":12,"f:43:16:43:24":2,"s:44:4:44:Infinity":13,"s:45:23:45:44":14,"s:46:22:46:84":15,"f:46:22:46:39":3,"s:46:41:46:64":16,"s:48:4:71:Infinity":17,"s:49:23:52:8":18,"b:54:6:57:Infinity:undefined:undefined:undefined:undefined":4,"s:54:6:57:Infinity":19,"s:55:8:57:Infinity":20,"s:60:26:60:Infinity":21,"b:60:26:60:62:60:66:60:Infinity":5,"b:61:6:64:Infinity:undefined:undefined:undefined:undefined":6,"s:61:6:64:Infinity":22,"b:61:10:61:38:61:42:61:79":7,"s:62:8:64:Infinity":23,"s:67:26:67:54":24,"s:68:19:68:67":25,"s:69:6:69:Infinity":26,"s:71:6:71:Infinity":27,"f:75:16:75:30":4,"s:76:4:76:Infinity":28,"s:77:4:84:Infinity":29,"s:78:25:78:52":30,"s:79:19:79:66":31,"s:80:6:80:Infinity":32,"s:82:6:84:Infinity":33,"f:88:2:88:10":5,"s:89:24:91:Infinity":34,"s:93:17:93:65":35,"s:94:4:94:Infinity":36}}}
}
